[     177ms] [INFO] Download the Vue Devtools extension for a better development experience:
https://github.com/vuejs/vue-devtools @ http://localhost:5173/node_modules/.vite/deps/vue.js?v=8a15b1f4:6840
[     198ms] [ERROR] Failed to load resource: the server responded with a status of 410 () @ https://avatars.dicebear.com/v2/gridy/John-Doe.svg:0
[     228ms] [ERROR] Failed to load resource: the server responded with a status of 410 () @ https://avatars.dicebear.com/v2/gridy/Adrienne-Mayer-III.svg:0
[     244ms] [ERROR] Failed to load resource: the server responded with a status of 410 () @ https://avatars.dicebear.com/v2/gridy/Cameron-Lind.svg:0
[     246ms] [ERROR] Failed to load resource: the server responded with a status of 410 () @ https://avatars.dicebear.com/v2/gridy/Hope-Howe.svg:0
[     249ms] [ERROR] Failed to load resource: the server responded with a status of 410 () @ https://avatars.dicebear.com/v2/gridy/Howell-Hand.svg:0
[     250ms] [ERROR] Failed to load resource: the server responded with a status of 410 () @ https://avatars.dicebear.com/v2/gridy/Justice-OReilly.svg:0
[     253ms] [ERROR] Failed to load resource: the server responded with a status of 410 () @ https://avatars.dicebear.com/v2/gridy/Kim-Weimann.svg:0
[     263ms] [ERROR] Failed to load resource: the server responded with a status of 410 () @ https://avatars.dicebear.com/v2/gridy/Lorna-Christiansen.svg:0
[     276ms] [ERROR] Failed to load resource: the server responded with a status of 410 () @ https://avatars.dicebear.com/v2/gridy/Lenna-Smitham.svg:0
[     276ms] [ERROR] Failed to load resource: the server responded with a status of 410 () @ https://avatars.dicebear.com/v2/gridy/Mr.-Garrison-Friesen-V.svg:0
[     284ms] [ERROR] Failed to load resource: the server responded with a status of 410 () @ https://avatars.dicebear.com/v2/gridy/Mr.-Julien-Ebert.svg:0
[   10133ms] [ERROR] Failed to load resource: the server responded with a status of 410 () @ https://avatars.dicebear.com/v2/gridy/Adrienne-Mayer-III.svg:0
[   10151ms] [ERROR] Failed to load resource: the server responded with a status of 410 () @ https://avatars.dicebear.com/v2/gridy/Hope-Howe.svg:0
[   10154ms] [ERROR] Failed to load resource: the server responded with a status of 410 () @ https://avatars.dicebear.com/v2/gridy/Howell-Hand.svg:0
[   10156ms] [ERROR] Failed to load resource: the server responded with a status of 410 () @ https://avatars.dicebear.com/v2/gridy/Justice-OReilly.svg:0
[   10160ms] [ERROR] Failed to load resource: the server responded with a status of 410 () @ https://avatars.dicebear.com/v2/gridy/Kim-Weimann.svg:0
[   10161ms] [ERROR] Failed to load resource: the server responded with a status of 410 () @ https://avatars.dicebear.com/v2/gridy/Lenna-Smitham.svg:0
[   10177ms] [ERROR] Failed to load resource: the server responded with a status of 410 () @ https://avatars.dicebear.com/v2/gridy/Lorna-Christiansen.svg:0
[   10179ms] [ERROR] Failed to load resource: the server responded with a status of 410 () @ https://avatars.dicebear.com/v2/gridy/Cameron-Lind.svg:0
[   10180ms] [ERROR] Failed to load resource: the server responded with a status of 410 () @ https://avatars.dicebear.com/v2/gridy/Mr.-Julien-Ebert.svg:0
[   10181ms] [ERROR] Failed to load resource: the server responded with a status of 410 () @ https://avatars.dicebear.com/v2/gridy/Mr.-Garrison-Friesen-V.svg:0
[   11512ms] [ERROR] Failed to load resource: the server responded with a status of 410 () @ https://avatars.dicebear.com/v2/gridy/John-Doe.svg:0
[   11564ms] [VERBOSE] [DOM] Password forms should have (optionally hidden) username fields for accessibility: (More info: https://goo.gl/9p2vKq) %o @ http://localhost:5173/#/profile:0
[   14185ms] [VERBOSE] [DOM] Password forms should have (optionally hidden) username fields for accessibility: (More info: https://goo.gl/9p2vKq) %o @ http://localhost:5173/#/profile:0
